Analysis & Elaboration report for cpu
Sun Jun 03 21:29:29 2018
Quartus II 64-Bit Version 13.1.0 Build 162 10/23/2013 SJ Web Edition


---------------------
; Table of Contents ;
---------------------
  1. Legal Notice
  2. Analysis & Elaboration Summary
  3. Parallel Compilation
  4. Analysis & Elaboration IP Cores Summary
  5. Source assignments for imem:imem|altsyncram:altsyncram_component|altsyncram_lnb1:auto_generated
  6. Source assignments for dmem:dmem|altsyncram:altsyncram_component|altsyncram_m6g1:auto_generated
  7. Parameter Settings for User Entity Instance: imem:imem|altsyncram:altsyncram_component
  8. Parameter Settings for User Entity Instance: dmem:dmem|altsyncram:altsyncram_component
  9. altsyncram Parameter Settings by Entity Instance
 10. Analysis & Elaboration Settings
 11. Port Connectivity Checks: "dmem:dmem"
 12. Port Connectivity Checks: "imem:imem"
 13. Port Connectivity Checks: "count16rle:pc2"
 14. Port Connectivity Checks: "count16rle:pc1"
 15. Analysis & Elaboration Messages
 16. Analysis & Elaboration Suppressed Messages



----------------
; Legal Notice ;
----------------
Copyright (C) 1991-2013 Altera Corporation
Your use of Altera Corporation's design tools, logic functions 
and other software and tools, and its AMPP partner logic 
functions, and any output files from any of the foregoing 
(including device programming or simulation files), and any 
associated documentation or information are expressly subject 
to the terms and conditions of the Altera Program License 
Subscription Agreement, Altera MegaCore Function License 
Agreement, or other applicable license agreement, including, 
without limitation, that your use is for the sole purpose of 
programming logic devices manufactured by Altera and sold by 
Altera or its authorized distributors.  Please refer to the 
applicable agreement for further details.



+---------------------------------------------------------------------------------+
; Analysis & Elaboration Summary                                                  ;
+------------------------------------+--------------------------------------------+
; Analysis & Elaboration Status      ; Successful - Sun Jun 03 21:29:29 2018      ;
; Quartus II 64-Bit Version          ; 13.1.0 Build 162 10/23/2013 SJ Web Edition ;
; Revision Name                      ; cpu                                        ;
; Top-level Entity Name              ; cpu                                        ;
; Family                             ; Cyclone IV E                               ;
; Total logic elements               ; N/A until Partition Merge                  ;
;     Total combinational functions  ; N/A until Partition Merge                  ;
;     Dedicated logic registers      ; N/A until Partition Merge                  ;
; Total registers                    ; N/A until Partition Merge                  ;
; Total pins                         ; N/A until Partition Merge                  ;
; Total virtual pins                 ; N/A until Partition Merge                  ;
; Total memory bits                  ; N/A until Partition Merge                  ;
; Embedded Multiplier 9-bit elements ; N/A until Partition Merge                  ;
; Total PLLs                         ; N/A until Partition Merge                  ;
+------------------------------------+--------------------------------------------+


Parallel compilation was disabled, but you have multiple processors available. Enable parallel compilation to reduce compilation time.
+-------------------------------------+
; Parallel Compilation                ;
+----------------------------+--------+
; Processors                 ; Number ;
+----------------------------+--------+
; Number detected on machine ; 4      ;
; Maximum allowed            ; 1      ;
+----------------------------+--------+


+---------------------------------------------------------------------------------------------------------------+
; Analysis & Elaboration IP Cores Summary                                                                       ;
+--------+--------------+---------+--------------+--------------+-----------------+-----------------------------+
; Vendor ; IP Core Name ; Version ; Release Date ; License Type ; Entity Instance ; IP Include File             ;
+--------+--------------+---------+--------------+--------------+-----------------+-----------------------------+
; Altera ; RAM: 1-PORT  ; 13.1    ; N/A          ; N/A          ; |cpu|dmem:dmem  ; G:/FPGA/cpu_pipeline/dmem.v ;
; Altera ; ROM: 1-PORT  ; 13.1    ; N/A          ; N/A          ; |cpu|imem:imem  ; G:/FPGA/cpu_pipeline/imem.v ;
+--------+--------------+---------+--------------+--------------+-----------------+-----------------------------+


+-------------------------------------------------------------------------------------------------+
; Source assignments for imem:imem|altsyncram:altsyncram_component|altsyncram_lnb1:auto_generated ;
+---------------------------------+--------------------+------+-----------------------------------+
; Assignment                      ; Value              ; From ; To                                ;
+---------------------------------+--------------------+------+-----------------------------------+
; OPTIMIZE_POWER_DURING_SYNTHESIS ; NORMAL_COMPILATION ; -    ; -                                 ;
+---------------------------------+--------------------+------+-----------------------------------+


+-------------------------------------------------------------------------------------------------+
; Source assignments for dmem:dmem|altsyncram:altsyncram_component|altsyncram_m6g1:auto_generated ;
+---------------------------------+--------------------+------+-----------------------------------+
; Assignment                      ; Value              ; From ; To                                ;
+---------------------------------+--------------------+------+-----------------------------------+
; OPTIMIZE_POWER_DURING_SYNTHESIS ; NORMAL_COMPILATION ; -    ; -                                 ;
+---------------------------------+--------------------+------+-----------------------------------+


+----------------------------------------------------------------------------------------+
; Parameter Settings for User Entity Instance: imem:imem|altsyncram:altsyncram_component ;
+------------------------------------+-------------------------------+-------------------+
; Parameter Name                     ; Value                         ; Type              ;
+------------------------------------+-------------------------------+-------------------+
; BYTE_SIZE_BLOCK                    ; 8                             ; Untyped           ;
; AUTO_CARRY_CHAINS                  ; ON                            ; AUTO_CARRY        ;
; IGNORE_CARRY_BUFFERS               ; OFF                           ; IGNORE_CARRY      ;
; AUTO_CASCADE_CHAINS                ; ON                            ; AUTO_CASCADE      ;
; IGNORE_CASCADE_BUFFERS             ; OFF                           ; IGNORE_CASCADE    ;
; WIDTH_BYTEENA                      ; 1                             ; Untyped           ;
; OPERATION_MODE                     ; ROM                           ; Untyped           ;
; WIDTH_A                            ; 16                            ; Signed Integer    ;
; WIDTHAD_A                          ; 8                             ; Signed Integer    ;
; NUMWORDS_A                         ; 256                           ; Signed Integer    ;
; OUTDATA_REG_A                      ; UNREGISTERED                  ; Untyped           ;
; ADDRESS_ACLR_A                     ; NONE                          ; Untyped           ;
; OUTDATA_ACLR_A                     ; NONE                          ; Untyped           ;
; WRCONTROL_ACLR_A                   ; NONE                          ; Untyped           ;
; INDATA_ACLR_A                      ; NONE                          ; Untyped           ;
; BYTEENA_ACLR_A                     ; NONE                          ; Untyped           ;
; WIDTH_B                            ; 1                             ; Untyped           ;
; WIDTHAD_B                          ; 1                             ; Untyped           ;
; NUMWORDS_B                         ; 1                             ; Untyped           ;
; INDATA_REG_B                       ; CLOCK1                        ; Untyped           ;
; WRCONTROL_WRADDRESS_REG_B          ; CLOCK1                        ; Untyped           ;
; RDCONTROL_REG_B                    ; CLOCK1                        ; Untyped           ;
; ADDRESS_REG_B                      ; CLOCK1                        ; Untyped           ;
; OUTDATA_REG_B                      ; UNREGISTERED                  ; Untyped           ;
; BYTEENA_REG_B                      ; CLOCK1                        ; Untyped           ;
; INDATA_ACLR_B                      ; NONE                          ; Untyped           ;
; WRCONTROL_ACLR_B                   ; NONE                          ; Untyped           ;
; ADDRESS_ACLR_B                     ; NONE                          ; Untyped           ;
; OUTDATA_ACLR_B                     ; NONE                          ; Untyped           ;
; RDCONTROL_ACLR_B                   ; NONE                          ; Untyped           ;
; BYTEENA_ACLR_B                     ; NONE                          ; Untyped           ;
; WIDTH_BYTEENA_A                    ; 1                             ; Signed Integer    ;
; WIDTH_BYTEENA_B                    ; 1                             ; Untyped           ;
; RAM_BLOCK_TYPE                     ; AUTO                          ; Untyped           ;
; BYTE_SIZE                          ; 8                             ; Untyped           ;
; READ_DURING_WRITE_MODE_MIXED_PORTS ; DONT_CARE                     ; Untyped           ;
; READ_DURING_WRITE_MODE_PORT_A      ; NEW_DATA_NO_NBE_READ          ; Untyped           ;
; READ_DURING_WRITE_MODE_PORT_B      ; NEW_DATA_NO_NBE_READ          ; Untyped           ;
; INIT_FILE                          ; G:/FPGA/cpu_pipeline/imem.mif ; Untyped           ;
; INIT_FILE_LAYOUT                   ; PORT_A                        ; Untyped           ;
; MAXIMUM_DEPTH                      ; 0                             ; Untyped           ;
; CLOCK_ENABLE_INPUT_A               ; BYPASS                        ; Untyped           ;
; CLOCK_ENABLE_INPUT_B               ; NORMAL                        ; Untyped           ;
; CLOCK_ENABLE_OUTPUT_A              ; BYPASS                        ; Untyped           ;
; CLOCK_ENABLE_OUTPUT_B              ; NORMAL                        ; Untyped           ;
; CLOCK_ENABLE_CORE_A                ; USE_INPUT_CLKEN               ; Untyped           ;
; CLOCK_ENABLE_CORE_B                ; USE_INPUT_CLKEN               ; Untyped           ;
; ENABLE_ECC                         ; FALSE                         ; Untyped           ;
; ECC_PIPELINE_STAGE_ENABLED         ; FALSE                         ; Untyped           ;
; WIDTH_ECCSTATUS                    ; 3                             ; Untyped           ;
; DEVICE_FAMILY                      ; Cyclone IV E                  ; Untyped           ;
; CBXI_PARAMETER                     ; altsyncram_lnb1               ; Untyped           ;
+------------------------------------+-------------------------------+-------------------+
Note: In order to hide this table in the UI and the text report file, please set the "Show Parameter Settings in Synthesis Report" option in "Analysis and Synthesis Settings -> More Settings" to "Off".


+----------------------------------------------------------------------------------------+
; Parameter Settings for User Entity Instance: dmem:dmem|altsyncram:altsyncram_component ;
+------------------------------------+----------------------+----------------------------+
; Parameter Name                     ; Value                ; Type                       ;
+------------------------------------+----------------------+----------------------------+
; BYTE_SIZE_BLOCK                    ; 8                    ; Untyped                    ;
; AUTO_CARRY_CHAINS                  ; ON                   ; AUTO_CARRY                 ;
; IGNORE_CARRY_BUFFERS               ; OFF                  ; IGNORE_CARRY               ;
; AUTO_CASCADE_CHAINS                ; ON                   ; AUTO_CASCADE               ;
; IGNORE_CASCADE_BUFFERS             ; OFF                  ; IGNORE_CASCADE             ;
; WIDTH_BYTEENA                      ; 1                    ; Untyped                    ;
; OPERATION_MODE                     ; SINGLE_PORT          ; Untyped                    ;
; WIDTH_A                            ; 16                   ; Signed Integer             ;
; WIDTHAD_A                          ; 8                    ; Signed Integer             ;
; NUMWORDS_A                         ; 256                  ; Signed Integer             ;
; OUTDATA_REG_A                      ; UNREGISTERED         ; Untyped                    ;
; ADDRESS_ACLR_A                     ; NONE                 ; Untyped                    ;
; OUTDATA_ACLR_A                     ; NONE                 ; Untyped                    ;
; WRCONTROL_ACLR_A                   ; NONE                 ; Untyped                    ;
; INDATA_ACLR_A                      ; NONE                 ; Untyped                    ;
; BYTEENA_ACLR_A                     ; NONE                 ; Untyped                    ;
; WIDTH_B                            ; 1                    ; Untyped                    ;
; WIDTHAD_B                          ; 1                    ; Untyped                    ;
; NUMWORDS_B                         ; 1                    ; Untyped                    ;
; INDATA_REG_B                       ; CLOCK1               ; Untyped                    ;
; WRCONTROL_WRADDRESS_REG_B          ; CLOCK1               ; Untyped                    ;
; RDCONTROL_REG_B                    ; CLOCK1               ; Untyped                    ;
; ADDRESS_REG_B                      ; CLOCK1               ; Untyped                    ;
; OUTDATA_REG_B                      ; UNREGISTERED         ; Untyped                    ;
; BYTEENA_REG_B                      ; CLOCK1               ; Untyped                    ;
; INDATA_ACLR_B                      ; NONE                 ; Untyped                    ;
; WRCONTROL_ACLR_B                   ; NONE                 ; Untyped                    ;
; ADDRESS_ACLR_B                     ; NONE                 ; Untyped                    ;
; OUTDATA_ACLR_B                     ; NONE                 ; Untyped                    ;
; RDCONTROL_ACLR_B                   ; NONE                 ; Untyped                    ;
; BYTEENA_ACLR_B                     ; NONE                 ; Untyped                    ;
; WIDTH_BYTEENA_A                    ; 1                    ; Signed Integer             ;
; WIDTH_BYTEENA_B                    ; 1                    ; Untyped                    ;
; RAM_BLOCK_TYPE                     ; AUTO                 ; Untyped                    ;
; BYTE_SIZE                          ; 8                    ; Untyped                    ;
; READ_DURING_WRITE_MODE_MIXED_PORTS ; DONT_CARE            ; Untyped                    ;
; READ_DURING_WRITE_MODE_PORT_A      ; NEW_DATA_NO_NBE_READ ; Untyped                    ;
; READ_DURING_WRITE_MODE_PORT_B      ; NEW_DATA_NO_NBE_READ ; Untyped                    ;
; INIT_FILE                          ; UNUSED               ; Untyped                    ;
; INIT_FILE_LAYOUT                   ; PORT_A               ; Untyped                    ;
; MAXIMUM_DEPTH                      ; 0                    ; Untyped                    ;
; CLOCK_ENABLE_INPUT_A               ; BYPASS               ; Untyped                    ;
; CLOCK_ENABLE_INPUT_B               ; NORMAL               ; Untyped                    ;
; CLOCK_ENABLE_OUTPUT_A              ; BYPASS               ; Untyped                    ;
; CLOCK_ENABLE_OUTPUT_B              ; NORMAL               ; Untyped                    ;
; CLOCK_ENABLE_CORE_A                ; USE_INPUT_CLKEN      ; Untyped                    ;
; CLOCK_ENABLE_CORE_B                ; USE_INPUT_CLKEN      ; Untyped                    ;
; ENABLE_ECC                         ; FALSE                ; Untyped                    ;
; ECC_PIPELINE_STAGE_ENABLED         ; FALSE                ; Untyped                    ;
; WIDTH_ECCSTATUS                    ; 3                    ; Untyped                    ;
; DEVICE_FAMILY                      ; Cyclone IV E         ; Untyped                    ;
; CBXI_PARAMETER                     ; altsyncram_m6g1      ; Untyped                    ;
+------------------------------------+----------------------+----------------------------+
Note: In order to hide this table in the UI and the text report file, please set the "Show Parameter Settings in Synthesis Report" option in "Analysis and Synthesis Settings -> More Settings" to "Off".


+---------------------------------------------------------------------------------------+
; altsyncram Parameter Settings by Entity Instance                                      ;
+-------------------------------------------+-------------------------------------------+
; Name                                      ; Value                                     ;
+-------------------------------------------+-------------------------------------------+
; Number of entity instances                ; 2                                         ;
; Entity Instance                           ; imem:imem|altsyncram:altsyncram_component ;
;     -- OPERATION_MODE                     ; ROM                                       ;
;     -- WIDTH_A                            ; 16                                        ;
;     -- NUMWORDS_A                         ; 256                                       ;
;     -- OUTDATA_REG_A                      ; UNREGISTERED                              ;
;     -- WIDTH_B                            ; 1                                         ;
;     -- NUMWORDS_B                         ; 1                                         ;
;     -- ADDRESS_REG_B                      ; CLOCK1                                    ;
;     -- OUTDATA_REG_B                      ; UNREGISTERED                              ;
;     -- RAM_BLOCK_TYPE                     ; AUTO                                      ;
;     -- READ_DURING_WRITE_MODE_MIXED_PORTS ; DONT_CARE                                 ;
; Entity Instance                           ; dmem:dmem|altsyncram:altsyncram_component ;
;     -- OPERATION_MODE                     ; SINGLE_PORT                               ;
;     -- WIDTH_A                            ; 16                                        ;
;     -- NUMWORDS_A                         ; 256                                       ;
;     -- OUTDATA_REG_A                      ; UNREGISTERED                              ;
;     -- WIDTH_B                            ; 1                                         ;
;     -- NUMWORDS_B                         ; 1                                         ;
;     -- ADDRESS_REG_B                      ; CLOCK1                                    ;
;     -- OUTDATA_REG_B                      ; UNREGISTERED                              ;
;     -- RAM_BLOCK_TYPE                     ; AUTO                                      ;
;     -- READ_DURING_WRITE_MODE_MIXED_PORTS ; DONT_CARE                                 ;
+-------------------------------------------+-------------------------------------------+


+----------------------------------------------------------------------------------------------------------------------+
; Analysis & Elaboration Settings                                                                                      ;
+----------------------------------------------------------------------------+--------------------+--------------------+
; Option                                                                     ; Setting            ; Default Value      ;
+----------------------------------------------------------------------------+--------------------+--------------------+
; Device                                                                     ; EP4CE30F23I7       ;                    ;
; Top-level entity name                                                      ; cpu                ; cpu                ;
; Family name                                                                ; Cyclone IV E       ; Cyclone IV GX      ;
; Use smart compilation                                                      ; Off                ; Off                ;
; Enable parallel Assembler and TimeQuest Timing Analyzer during compilation ; On                 ; On                 ;
; Enable compact report table                                                ; Off                ; Off                ;
; Restructure Multiplexers                                                   ; Auto               ; Auto               ;
; Create Debugging Nodes for IP Cores                                        ; Off                ; Off                ;
; Preserve fewer node names                                                  ; On                 ; On                 ;
; Disable OpenCore Plus hardware evaluation                                  ; Off                ; Off                ;
; Verilog Version                                                            ; Verilog_2001       ; Verilog_2001       ;
; VHDL Version                                                               ; VHDL_1993          ; VHDL_1993          ;
; State Machine Processing                                                   ; Auto               ; Auto               ;
; Safe State Machine                                                         ; Off                ; Off                ;
; Extract Verilog State Machines                                             ; On                 ; On                 ;
; Extract VHDL State Machines                                                ; On                 ; On                 ;
; Ignore Verilog initial constructs                                          ; Off                ; Off                ;
; Iteration limit for constant Verilog loops                                 ; 5000               ; 5000               ;
; Iteration limit for non-constant Verilog loops                             ; 250                ; 250                ;
; Add Pass-Through Logic to Inferred RAMs                                    ; On                 ; On                 ;
; Infer RAMs from Raw Logic                                                  ; On                 ; On                 ;
; Parallel Synthesis                                                         ; On                 ; On                 ;
; DSP Block Balancing                                                        ; Auto               ; Auto               ;
; NOT Gate Push-Back                                                         ; On                 ; On                 ;
; Power-Up Don't Care                                                        ; On                 ; On                 ;
; Remove Redundant Logic Cells                                               ; Off                ; Off                ;
; Remove Duplicate Registers                                                 ; On                 ; On                 ;
; Ignore CARRY Buffers                                                       ; Off                ; Off                ;
; Ignore CASCADE Buffers                                                     ; Off                ; Off                ;
; Ignore GLOBAL Buffers                                                      ; Off                ; Off                ;
; Ignore ROW GLOBAL Buffers                                                  ; Off                ; Off                ;
; Ignore LCELL Buffers                                                       ; Off                ; Off                ;
; Ignore SOFT Buffers                                                        ; On                 ; On                 ;
; Limit AHDL Integers to 32 Bits                                             ; Off                ; Off                ;
; Optimization Technique                                                     ; Balanced           ; Balanced           ;
; Carry Chain Length                                                         ; 70                 ; 70                 ;
; Auto Carry Chains                                                          ; On                 ; On                 ;
; Auto Open-Drain Pins                                                       ; On                 ; On                 ;
; Perform WYSIWYG Primitive Resynthesis                                      ; Off                ; Off                ;
; Auto ROM Replacement                                                       ; On                 ; On                 ;
; Auto RAM Replacement                                                       ; On                 ; On                 ;
; Auto DSP Block Replacement                                                 ; On                 ; On                 ;
; Auto Shift Register Replacement                                            ; Auto               ; Auto               ;
; Allow Shift Register Merging across Hierarchies                            ; Auto               ; Auto               ;
; Auto Clock Enable Replacement                                              ; On                 ; On                 ;
; Strict RAM Replacement                                                     ; Off                ; Off                ;
; Allow Synchronous Control Signals                                          ; On                 ; On                 ;
; Force Use of Synchronous Clear Signals                                     ; Off                ; Off                ;
; Auto RAM Block Balancing                                                   ; On                 ; On                 ;
; Auto RAM to Logic Cell Conversion                                          ; Off                ; Off                ;
; Auto Resource Sharing                                                      ; Off                ; Off                ;
; Allow Any RAM Size For Recognition                                         ; Off                ; Off                ;
; Allow Any ROM Size For Recognition                                         ; Off                ; Off                ;
; Allow Any Shift Register Size For Recognition                              ; Off                ; Off                ;
; Use LogicLock Constraints during Resource Balancing                        ; On                 ; On                 ;
; Ignore translate_off and synthesis_off directives                          ; Off                ; Off                ;
; Timing-Driven Synthesis                                                    ; On                 ; On                 ;
; Report Parameter Settings                                                  ; On                 ; On                 ;
; Report Source Assignments                                                  ; On                 ; On                 ;
; Report Connectivity Checks                                                 ; On                 ; On                 ;
; Ignore Maximum Fan-Out Assignments                                         ; Off                ; Off                ;
; Synchronization Register Chain Length                                      ; 2                  ; 2                  ;
; PowerPlay Power Optimization                                               ; Normal compilation ; Normal compilation ;
; HDL message level                                                          ; Level2             ; Level2             ;
; Suppress Register Optimization Related Messages                            ; Off                ; Off                ;
; Number of Removed Registers Reported in Synthesis Report                   ; 5000               ; 5000               ;
; Number of Swept Nodes Reported in Synthesis Report                         ; 5000               ; 5000               ;
; Number of Inverted Registers Reported in Synthesis Report                  ; 100                ; 100                ;
; Clock MUX Protection                                                       ; On                 ; On                 ;
; Auto Gated Clock Conversion                                                ; Off                ; Off                ;
; Block Design Naming                                                        ; Auto               ; Auto               ;
; SDC constraint protection                                                  ; Off                ; Off                ;
; Synthesis Effort                                                           ; Auto               ; Auto               ;
; Shift Register Replacement - Allow Asynchronous Clear Signal               ; On                 ; On                 ;
; Pre-Mapping Resynthesis Optimization                                       ; Off                ; Off                ;
; Analysis & Synthesis Message Level                                         ; Medium             ; Medium             ;
; Disable Register Merging Across Hierarchies                                ; Auto               ; Auto               ;
; Resource Aware Inference For Block RAM                                     ; On                 ; On                 ;
; Synthesis Seed                                                             ; 1                  ; 1                  ;
+----------------------------------------------------------------------------+--------------------+--------------------+


+----------------------------------------------------------------------------------------------------------------------------------------------------------------------------------------------------------------+
; Port Connectivity Checks: "dmem:dmem"                                                                                                                                                                          ;
+---------+-------+----------+-----------------------------------------------------------------------------------------------------------------------------------------------------------------------------------+
; Port    ; Type  ; Severity ; Details                                                                                                                                                                           ;
+---------+-------+----------+-----------------------------------------------------------------------------------------------------------------------------------------------------------------------------------+
; address ; Input ; Warning  ; Input port expression (16 bits) is wider than the input port (8 bits) it drives.  The 8 most-significant bit(s) in the expression will be dangling if they have no other fanouts. ;
+---------+-------+----------+-----------------------------------------------------------------------------------------------------------------------------------------------------------------------------------+


+----------------------------------------------------------------------------------------------------------------------------------------------------------------------------------------------------------------+
; Port Connectivity Checks: "imem:imem"                                                                                                                                                                          ;
+---------+-------+----------+-----------------------------------------------------------------------------------------------------------------------------------------------------------------------------------+
; Port    ; Type  ; Severity ; Details                                                                                                                                                                           ;
+---------+-------+----------+-----------------------------------------------------------------------------------------------------------------------------------------------------------------------------------+
; address ; Input ; Warning  ; Input port expression (16 bits) is wider than the input port (8 bits) it drives.  The 8 most-significant bit(s) in the expression will be dangling if they have no other fanouts. ;
+---------+-------+----------+-----------------------------------------------------------------------------------------------------------------------------------------------------------------------------------+


+-------------------------------------------------------------------------------------------------------------------------------------------------------------------------+
; Port Connectivity Checks: "count16rle:pc2"                                                                                                                              ;
+------+--------+----------+----------------------------------------------------------------------------------------------------------------------------------------------+
; Port ; Type   ; Severity ; Details                                                                                                                                      ;
+------+--------+----------+----------------------------------------------------------------------------------------------------------------------------------------------+
; q    ; Output ; Warning  ; Output or bidir port (16 bits) is wider than the port expression (1 bits) it drives; bit(s) "q[15..1]" have no fanouts                       ;
; q    ; Output ; Info     ; Connected to dangling logic. Logic that only feeds a dangling port will be removed.                                                          ;
; inc  ; Input  ; Warning  ; Declared by entity but not connected by instance. If a default value exists, it will be used.  Otherwise, the port will be connected to GND. ;
+------+--------+----------+----------------------------------------------------------------------------------------------------------------------------------------------+


+------------------------------------------------------------------------------------------------------------------------------------------------------------------------+
; Port Connectivity Checks: "count16rle:pc1"                                                                                                                             ;
+------+-------+----------+----------------------------------------------------------------------------------------------------------------------------------------------+
; Port ; Type  ; Severity ; Details                                                                                                                                      ;
+------+-------+----------+----------------------------------------------------------------------------------------------------------------------------------------------+
; inc  ; Input ; Warning  ; Declared by entity but not connected by instance. If a default value exists, it will be used.  Otherwise, the port will be connected to GND. ;
+------+-------+----------+----------------------------------------------------------------------------------------------------------------------------------------------+


+---------------------------------+
; Analysis & Elaboration Messages ;
+---------------------------------+
Info: *******************************************************************
Info: Running Quartus II 64-Bit Analysis & Elaboration
    Info: Version 13.1.0 Build 162 10/23/2013 SJ Web Edition
    Info: Processing started: Sun Jun 03 21:29:21 2018
Info: Command: quartus_map --read_settings_files=on --write_settings_files=off cpu -c cpu --analysis_and_elaboration
Warning (20028): Parallel compilation is not licensed and has been disabled
Info (12021): Found 1 design units, including 1 entities, in source file sm.v
    Info (12023): Found entity 1: sm
Info (12021): Found 1 design units, including 1 entities, in source file sm_tb.v
    Info (12023): Found entity 1: sm_tb
Info (12021): Found 1 design units, including 1 entities, in source file regfile_tb.v
    Info (12023): Found entity 1: regfile_tb
Info (12021): Found 1 design units, including 1 entities, in source file regfile.v
    Info (12023): Found entity 1: regfile
Info (12021): Found 1 design units, including 1 entities, in source file reg16_tb.v
    Info (12023): Found entity 1: reg16_tb
Info (12021): Found 1 design units, including 1 entities, in source file reg16.v
    Info (12023): Found entity 1: reg16
Info (12021): Found 1 design units, including 1 entities, in source file muxreg16_tb.v
    Info (12023): Found entity 1: muxreg16_tb
Info (12021): Found 1 design units, including 1 entities, in source file muxreg16.v
    Info (12023): Found entity 1: muxreg16
Info (12021): Found 1 design units, including 1 entities, in source file imem_tb.v
    Info (12023): Found entity 1: imem_tb
Info (12021): Found 1 design units, including 1 entities, in source file dmem_tb.v
    Info (12023): Found entity 1: dmem_tb
Info (12021): Found 3 design units, including 3 entities, in source file cputop.v
    Info (12023): Found entity 1: cputop
    Info (12023): Found entity 2: sevenseg
    Info (12023): Found entity 3: sound
Info (12021): Found 1 design units, including 1 entities, in source file cpu_tb.v
    Info (12023): Found entity 1: cpu_tb
Info (12021): Found 1 design units, including 1 entities, in source file cpu.v
    Info (12023): Found entity 1: cpu
Info (12021): Found 1 design units, including 1 entities, in source file count16rle_tb.v
    Info (12023): Found entity 1: count16rle_tb
Info (12021): Found 1 design units, including 1 entities, in source file alu_tb.v
    Info (12023): Found entity 1: alu_tb
Info (12021): Found 1 design units, including 1 entities, in source file alu.v
    Info (12023): Found entity 1: alu
Info (12021): Found 1 design units, including 1 entities, in source file imem.v
    Info (12023): Found entity 1: imem
Info (12021): Found 1 design units, including 1 entities, in source file dmem.v
    Info (12023): Found entity 1: dmem
Warning (10236): Verilog HDL Implicit Net warning at cpu.v(81): created implicit net for "w_pc2"
Info (12127): Elaborating entity "cpu" for the top level hierarchy
Info (12128): Elaborating entity "sm" for hierarchy "sm:sm"
Warning (10036): Verilog HDL or VHDL warning at sm.v(9): object "STOP" assigned a value but never read
Warning (12125): Using design file count16rle.v, which is not specified as a design file for the current project, but contains definitions for 1 design units and 1 entities in project
    Info (12023): Found entity 1: count16rle
Info (12128): Elaborating entity "count16rle" for hierarchy "count16rle:pc"
Warning (10230): Verilog HDL assignment warning at count16rle.v(19): truncated value with size 32 to match size of target (16)
Info (12128): Elaborating entity "imem" for hierarchy "imem:imem"
Info (12128): Elaborating entity "altsyncram" for hierarchy "imem:imem|altsyncram:altsyncram_component"
Info (12130): Elaborated megafunction instantiation "imem:imem|altsyncram:altsyncram_component"
Info (12133): Instantiated megafunction "imem:imem|altsyncram:altsyncram_component" with the following parameter:
    Info (12134): Parameter "address_aclr_a" = "NONE"
    Info (12134): Parameter "clock_enable_input_a" = "BYPASS"
    Info (12134): Parameter "clock_enable_output_a" = "BYPASS"
    Info (12134): Parameter "init_file" = "G:/FPGA/cpu_pipeline/imem.mif"
    Info (12134): Parameter "intended_device_family" = "Cyclone IV E"
    Info (12134): Parameter "lpm_hint" = "ENABLE_RUNTIME_MOD=NO"
    Info (12134): Parameter "lpm_type" = "altsyncram"
    Info (12134): Parameter "numwords_a" = "256"
    Info (12134): Parameter "operation_mode" = "ROM"
    Info (12134): Parameter "outdata_aclr_a" = "NONE"
    Info (12134): Parameter "outdata_reg_a" = "UNREGISTERED"
    Info (12134): Parameter "widthad_a" = "8"
    Info (12134): Parameter "width_a" = "16"
    Info (12134): Parameter "width_byteena_a" = "1"
Info (12021): Found 1 design units, including 1 entities, in source file db/altsyncram_lnb1.tdf
    Info (12023): Found entity 1: altsyncram_lnb1
Info (12128): Elaborating entity "altsyncram_lnb1" for hierarchy "imem:imem|altsyncram:altsyncram_component|altsyncram_lnb1:auto_generated"
Info (12128): Elaborating entity "reg16" for hierarchy "reg16:ir"
Info (12128): Elaborating entity "regfile" for hierarchy "regfile:regfile"
Info (12128): Elaborating entity "muxreg16" for hierarchy "muxreg16:sr1"
Info (12128): Elaborating entity "alu" for hierarchy "alu:alu"
Info (12128): Elaborating entity "dmem" for hierarchy "dmem:dmem"
Info (12128): Elaborating entity "altsyncram" for hierarchy "dmem:dmem|altsyncram:altsyncram_component"
Info (12130): Elaborated megafunction instantiation "dmem:dmem|altsyncram:altsyncram_component"
Info (12133): Instantiated megafunction "dmem:dmem|altsyncram:altsyncram_component" with the following parameter:
    Info (12134): Parameter "clock_enable_input_a" = "BYPASS"
    Info (12134): Parameter "clock_enable_output_a" = "BYPASS"
    Info (12134): Parameter "intended_device_family" = "Cyclone IV E"
    Info (12134): Parameter "lpm_hint" = "ENABLE_RUNTIME_MOD=NO"
    Info (12134): Parameter "lpm_type" = "altsyncram"
    Info (12134): Parameter "numwords_a" = "256"
    Info (12134): Parameter "operation_mode" = "SINGLE_PORT"
    Info (12134): Parameter "outdata_aclr_a" = "NONE"
    Info (12134): Parameter "outdata_reg_a" = "UNREGISTERED"
    Info (12134): Parameter "power_up_uninitialized" = "FALSE"
    Info (12134): Parameter "read_during_write_mode_port_a" = "NEW_DATA_NO_NBE_READ"
    Info (12134): Parameter "widthad_a" = "8"
    Info (12134): Parameter "width_a" = "16"
    Info (12134): Parameter "width_byteena_a" = "1"
Info (12021): Found 1 design units, including 1 entities, in source file db/altsyncram_m6g1.tdf
    Info (12023): Found entity 1: altsyncram_m6g1
Info (12128): Elaborating entity "altsyncram_m6g1" for hierarchy "dmem:dmem|altsyncram:altsyncram_component|altsyncram_m6g1:auto_generated"
Warning (12241): 4 hierarchies have connectivity warnings - see the Connectivity Checks report folder
Info (144001): Generated suppressed messages file G:/FPGA/cpu_pipeline/output_files/cpu.map.smsg
Info: Quartus II 64-Bit Analysis & Elaboration was successful. 0 errors, 6 warnings
    Info: Peak virtual memory: 553 megabytes
    Info: Processing ended: Sun Jun 03 21:29:29 2018
    Info: Elapsed time: 00:00:08
    Info: Total CPU time (on all processors): 00:00:03


+--------------------------------------------+
; Analysis & Elaboration Suppressed Messages ;
+--------------------------------------------+
The suppressed messages can be found in G:/FPGA/cpu_pipeline/output_files/cpu.map.smsg.


